17-Feb-2020 13:14:14.958 정보 [main] org.apache.catalina.startup.VersionLoggerListener.log 서버 버전 이름:        Apache Tomcat/9.0.30
17-Feb-2020 13:14:14.979 정보 [main] org.apache.catalina.startup.VersionLoggerListener.log Server 빌드 시각:          Dec 7 2019 16:42:04 UTC
17-Feb-2020 13:14:14.979 정보 [main] org.apache.catalina.startup.VersionLoggerListener.log Server 버전 번호:         9.0.30.0
17-Feb-2020 13:14:14.979 정보 [main] org.apache.catalina.startup.VersionLoggerListener.log 운영체제 이름:               Windows 10
17-Feb-2020 13:14:14.980 정보 [main] org.apache.catalina.startup.VersionLoggerListener.log 운영체제 버전:            10.0
17-Feb-2020 13:14:14.980 정보 [main] org.apache.catalina.startup.VersionLoggerListener.log 아키텍처:          amd64
17-Feb-2020 13:14:14.980 정보 [main] org.apache.catalina.startup.VersionLoggerListener.log 자바 홈:             C:\Program Files\Java\jdk1.8.0_231\jre
17-Feb-2020 13:14:14.980 정보 [main] org.apache.catalina.startup.VersionLoggerListener.log JVM 버전:           1.8.0_231-b11
17-Feb-2020 13:14:14.980 정보 [main] org.apache.catalina.startup.VersionLoggerListener.log JVM 벤더:            Oracle Corporation
17-Feb-2020 13:14:14.980 정보 [main] org.apache.catalina.startup.VersionLoggerListener.log CATALINA_BASE:         D:\Rudy\JSP\수업자료\apache-tomcat-9.0.30\apache-tomcat-9.0.30
17-Feb-2020 13:14:14.981 정보 [main] org.apache.catalina.startup.VersionLoggerListener.log CATALINA_HOME:         D:\Rudy\JSP\수업자료\apache-tomcat-9.0.30\apache-tomcat-9.0.30
17-Feb-2020 13:14:15.006 정보 [main] org.apache.catalina.startup.VersionLoggerListener.log 명령 행 아규먼트: -Djava.util.logging.config.file=D:\Rudy\JSP\수업자료\apache-tomcat-9.0.30\apache-tomcat-9.0.30\conf\logging.properties
17-Feb-2020 13:14:15.009 정보 [main] org.apache.catalina.startup.VersionLoggerListener.log 명령 행 아규먼트: -Djava.util.logging.manager=org.apache.juli.ClassLoaderLogManager
17-Feb-2020 13:14:15.010 정보 [main] org.apache.catalina.startup.VersionLoggerListener.log 명령 행 아규먼트: -Djdk.tls.ephemeralDHKeySize=2048
17-Feb-2020 13:14:15.012 정보 [main] org.apache.catalina.startup.VersionLoggerListener.log 명령 행 아규먼트: -Djava.protocol.handler.pkgs=org.apache.catalina.webresources
17-Feb-2020 13:14:15.016 정보 [main] org.apache.catalina.startup.VersionLoggerListener.log 명령 행 아규먼트: -Dignore.endorsed.dirs=
17-Feb-2020 13:14:15.018 정보 [main] org.apache.catalina.startup.VersionLoggerListener.log 명령 행 아규먼트: -Dcatalina.base=D:\Rudy\JSP\수업자료\apache-tomcat-9.0.30\apache-tomcat-9.0.30
17-Feb-2020 13:14:15.020 정보 [main] org.apache.catalina.startup.VersionLoggerListener.log 명령 행 아규먼트: -Dcatalina.home=D:\Rudy\JSP\수업자료\apache-tomcat-9.0.30\apache-tomcat-9.0.30
17-Feb-2020 13:14:15.021 정보 [main] org.apache.catalina.startup.VersionLoggerListener.log 명령 행 아규먼트: -Djava.io.tmpdir=D:\Rudy\JSP\수업자료\apache-tomcat-9.0.30\apache-tomcat-9.0.30\temp
17-Feb-2020 13:14:15.022 정보 [main] org.apache.catalina.core.AprLifecycleListener.lifecycleEvent 프로덕션 환경들에서 최적의 성능을 제공하는, APR 기반 Apache Tomcat Native 라이브러리가, 다음 java.library.path에서 발견되지 않습니다: [C:\Program Files\Java\jdk1.8.0_231\bin;C:\WINDOWS\Sun\Java\bin;C:\WINDOWS\system32;C:\WINDOWS;C:\oraclexe\app\oracle\product\11.2.0\server\bin;;C:\Program Files (x86)\Common Files\Oracle\Java\javapath;C:\Program Files (x86)\Intel\iCLS Client\;C:\Program Files\Intel\iCLS Client\;C:\WINDOWS\system32;C:\WINDOWS;C:\WINDOWS\System32\Wbem;C:\WINDOWS\System32\WindowsPowerShell\v1.0\;C:\Program Files (x86)\Intel\Intel(R) Management Engine Components\DAL;C:\Program Files\Intel\Intel(R) Management Engine Components\DAL;C:\Program Files (x86)\Intel\Intel(R) Management Engine Components\IPT;C:\Program Files\Intel\Intel(R) Management Engine Components\IPT;C:\Program Files (x86)\Microsoft SQL Server\100\Tools\Binn\;C:\Program Files\Microsoft SQL Server\100\Tools\Binn\;C:\Program Files\Microsoft SQL Server\100\DTS\Binn\;C:\Program Files\Java\jdk1.8.0_231\bin;C:\WINDOWS\System32\OpenSSH\;C:\Program Files\Microsoft SQL Server\130\Tools\Binn\;C:\Users\user\AppData\Local\Microsoft\WindowsApps;C:\Program Files\Java\jdk1.8.0_231\bin;;.]
17-Feb-2020 13:14:15.696 정보 [main] org.apache.coyote.AbstractProtocol.init 프로토콜 핸들러 ["http-nio-8080"]을(를) 초기화합니다.
17-Feb-2020 13:14:16.136 정보 [main] org.apache.coyote.AbstractProtocol.init 프로토콜 핸들러 ["ajp-nio-8009"]을(를) 초기화합니다.
17-Feb-2020 13:14:16.144 정보 [main] org.apache.catalina.startup.Catalina.load [1,402] 밀리초 내에 서버가 초기화되었습니다.
17-Feb-2020 13:14:16.177 정보 [main] org.apache.catalina.core.StandardService.startInternal 서비스 [Catalina]을(를) 시작합니다.
17-Feb-2020 13:14:16.183 정보 [main] org.apache.catalina.core.StandardEngine.startInternal 서버 엔진을 시작합니다: [Apache Tomcat/9.0.30]
17-Feb-2020 13:14:16.193 정보 [main] org.apache.catalina.startup.HostConfig.deployDirectory 웹 애플리케이션 디렉토리 [D:\Rudy\JSP\수업자료\apache-tomcat-9.0.30\apache-tomcat-9.0.30\webapps\docs]을(를) 배치합니다.
17-Feb-2020 13:14:16.404 정보 [main] org.apache.catalina.startup.HostConfig.deployDirectory 웹 애플리케이션 디렉토리 [D:\Rudy\JSP\수업자료\apache-tomcat-9.0.30\apache-tomcat-9.0.30\webapps\docs]에 대한 배치가 [211] 밀리초에 완료되었습니다.
17-Feb-2020 13:14:16.409 정보 [main] org.apache.catalina.startup.HostConfig.deployDirectory 웹 애플리케이션 디렉토리 [D:\Rudy\JSP\수업자료\apache-tomcat-9.0.30\apache-tomcat-9.0.30\webapps\examples]을(를) 배치합니다.
17-Feb-2020 13:14:16.703 정보 [main] org.apache.catalina.startup.HostConfig.deployDirectory 웹 애플리케이션 디렉토리 [D:\Rudy\JSP\수업자료\apache-tomcat-9.0.30\apache-tomcat-9.0.30\webapps\examples]에 대한 배치가 [294] 밀리초에 완료되었습니다.
17-Feb-2020 13:14:16.706 정보 [main] org.apache.catalina.startup.HostConfig.deployDirectory 웹 애플리케이션 디렉토리 [D:\Rudy\JSP\수업자료\apache-tomcat-9.0.30\apache-tomcat-9.0.30\webapps\host-manager]을(를) 배치합니다.
17-Feb-2020 13:14:16.734 정보 [main] org.apache.catalina.startup.HostConfig.deployDirectory 웹 애플리케이션 디렉토리 [D:\Rudy\JSP\수업자료\apache-tomcat-9.0.30\apache-tomcat-9.0.30\webapps\host-manager]에 대한 배치가 [28] 밀리초에 완료되었습니다.
17-Feb-2020 13:14:16.737 정보 [main] org.apache.catalina.startup.HostConfig.deployDirectory 웹 애플리케이션 디렉토리 [D:\Rudy\JSP\수업자료\apache-tomcat-9.0.30\apache-tomcat-9.0.30\webapps\manager]을(를) 배치합니다.
17-Feb-2020 13:14:16.755 정보 [main] org.apache.catalina.startup.HostConfig.deployDirectory 웹 애플리케이션 디렉토리 [D:\Rudy\JSP\수업자료\apache-tomcat-9.0.30\apache-tomcat-9.0.30\webapps\manager]에 대한 배치가 [18] 밀리초에 완료되었습니다.
17-Feb-2020 13:14:16.758 정보 [main] org.apache.catalina.startup.HostConfig.deployDirectory 웹 애플리케이션 디렉토리 [D:\Rudy\JSP\수업자료\apache-tomcat-9.0.30\apache-tomcat-9.0.30\webapps\ROOT]을(를) 배치합니다.
17-Feb-2020 13:14:16.784 정보 [main] org.apache.catalina.startup.HostConfig.deployDirectory 웹 애플리케이션 디렉토리 [D:\Rudy\JSP\수업자료\apache-tomcat-9.0.30\apache-tomcat-9.0.30\webapps\ROOT]에 대한 배치가 [26] 밀리초에 완료되었습니다.
17-Feb-2020 13:14:16.789 정보 [main] org.apache.coyote.AbstractProtocol.start 프로토콜 핸들러 ["http-nio-8080"]을(를) 시작합니다.
17-Feb-2020 13:14:16.799 정보 [main] org.apache.coyote.AbstractProtocol.start 프로토콜 핸들러 ["ajp-nio-8009"]을(를) 시작합니다.
17-Feb-2020 13:14:16.821 정보 [main] org.apache.catalina.startup.Catalina.start 서버가 [675] 밀리초 내에 시작되었습니다.
17-Feb-2020 13:15:00.037 정보 [main] org.apache.catalina.startup.VersionLoggerListener.log 서버 버전 이름:        Apache Tomcat/9.0.30
17-Feb-2020 13:15:00.040 정보 [main] org.apache.catalina.startup.VersionLoggerListener.log Server 빌드 시각:          Dec 7 2019 16:42:04 UTC
17-Feb-2020 13:15:00.040 정보 [main] org.apache.catalina.startup.VersionLoggerListener.log Server 버전 번호:         9.0.30.0
17-Feb-2020 13:15:00.040 정보 [main] org.apache.catalina.startup.VersionLoggerListener.log 운영체제 이름:               Windows 10
17-Feb-2020 13:15:00.041 정보 [main] org.apache.catalina.startup.VersionLoggerListener.log 운영체제 버전:            10.0
17-Feb-2020 13:15:00.041 정보 [main] org.apache.catalina.startup.VersionLoggerListener.log 아키텍처:          amd64
17-Feb-2020 13:15:00.041 정보 [main] org.apache.catalina.startup.VersionLoggerListener.log 자바 홈:             C:\Program Files\Java\jdk1.8.0_231\jre
17-Feb-2020 13:15:00.041 정보 [main] org.apache.catalina.startup.VersionLoggerListener.log JVM 버전:           1.8.0_231-b11
17-Feb-2020 13:15:00.042 정보 [main] org.apache.catalina.startup.VersionLoggerListener.log JVM 벤더:            Oracle Corporation
17-Feb-2020 13:15:00.042 정보 [main] org.apache.catalina.startup.VersionLoggerListener.log CATALINA_BASE:         D:\Rudy\JSP\수업자료\apache-tomcat-9.0.30\apache-tomcat-9.0.30
17-Feb-2020 13:15:00.042 정보 [main] org.apache.catalina.startup.VersionLoggerListener.log CATALINA_HOME:         D:\Rudy\JSP\수업자료\apache-tomcat-9.0.30\apache-tomcat-9.0.30
17-Feb-2020 13:15:00.044 정보 [main] org.apache.catalina.startup.VersionLoggerListener.log 명령 행 아규먼트: -Djava.util.logging.config.file=D:\Rudy\JSP\수업자료\apache-tomcat-9.0.30\apache-tomcat-9.0.30\conf\logging.properties
17-Feb-2020 13:15:00.045 정보 [main] org.apache.catalina.startup.VersionLoggerListener.log 명령 행 아규먼트: -Djava.util.logging.manager=org.apache.juli.ClassLoaderLogManager
17-Feb-2020 13:15:00.047 정보 [main] org.apache.catalina.startup.VersionLoggerListener.log 명령 행 아규먼트: -Djdk.tls.ephemeralDHKeySize=2048
17-Feb-2020 13:15:00.049 정보 [main] org.apache.catalina.startup.VersionLoggerListener.log 명령 행 아규먼트: -Djava.protocol.handler.pkgs=org.apache.catalina.webresources
17-Feb-2020 13:15:00.055 정보 [main] org.apache.catalina.startup.VersionLoggerListener.log 명령 행 아규먼트: -Dignore.endorsed.dirs=
17-Feb-2020 13:15:00.057 정보 [main] org.apache.catalina.startup.VersionLoggerListener.log 명령 행 아규먼트: -Dcatalina.base=D:\Rudy\JSP\수업자료\apache-tomcat-9.0.30\apache-tomcat-9.0.30
17-Feb-2020 13:15:00.059 정보 [main] org.apache.catalina.startup.VersionLoggerListener.log 명령 행 아규먼트: -Dcatalina.home=D:\Rudy\JSP\수업자료\apache-tomcat-9.0.30\apache-tomcat-9.0.30
17-Feb-2020 13:15:00.061 정보 [main] org.apache.catalina.startup.VersionLoggerListener.log 명령 행 아규먼트: -Djava.io.tmpdir=D:\Rudy\JSP\수업자료\apache-tomcat-9.0.30\apache-tomcat-9.0.30\temp
17-Feb-2020 13:15:00.063 정보 [main] org.apache.catalina.core.AprLifecycleListener.lifecycleEvent 프로덕션 환경들에서 최적의 성능을 제공하는, APR 기반 Apache Tomcat Native 라이브러리가, 다음 java.library.path에서 발견되지 않습니다: [C:\Program Files\Java\jdk1.8.0_231\bin;C:\WINDOWS\Sun\Java\bin;C:\WINDOWS\system32;C:\WINDOWS;C:\oraclexe\app\oracle\product\11.2.0\server\bin;;C:\Program Files (x86)\Common Files\Oracle\Java\javapath;C:\Program Files (x86)\Intel\iCLS Client\;C:\Program Files\Intel\iCLS Client\;C:\WINDOWS\system32;C:\WINDOWS;C:\WINDOWS\System32\Wbem;C:\WINDOWS\System32\WindowsPowerShell\v1.0\;C:\Program Files (x86)\Intel\Intel(R) Management Engine Components\DAL;C:\Program Files\Intel\Intel(R) Management Engine Components\DAL;C:\Program Files (x86)\Intel\Intel(R) Management Engine Components\IPT;C:\Program Files\Intel\Intel(R) Management Engine Components\IPT;C:\Program Files (x86)\Microsoft SQL Server\100\Tools\Binn\;C:\Program Files\Microsoft SQL Server\100\Tools\Binn\;C:\Program Files\Microsoft SQL Server\100\DTS\Binn\;C:\Program Files\Java\jdk1.8.0_231\bin;C:\WINDOWS\System32\OpenSSH\;C:\Program Files\Microsoft SQL Server\130\Tools\Binn\;C:\Users\user\AppData\Local\Microsoft\WindowsApps;C:\Program Files\Java\jdk1.8.0_231\bin;;.]
17-Feb-2020 13:15:00.321 정보 [main] org.apache.coyote.AbstractProtocol.init 프로토콜 핸들러 ["http-nio-8080"]을(를) 초기화합니다.
17-Feb-2020 13:15:00.781 정보 [main] org.apache.coyote.AbstractProtocol.init 프로토콜 핸들러 ["ajp-nio-8009"]을(를) 초기화합니다.
17-Feb-2020 13:15:00.786 정보 [main] org.apache.catalina.startup.Catalina.load [940] 밀리초 내에 서버가 초기화되었습니다.
17-Feb-2020 13:15:00.811 정보 [main] org.apache.catalina.core.StandardService.startInternal 서비스 [Catalina]을(를) 시작합니다.
17-Feb-2020 13:15:00.813 정보 [main] org.apache.catalina.core.StandardEngine.startInternal 서버 엔진을 시작합니다: [Apache Tomcat/9.0.30]
17-Feb-2020 13:15:00.822 정보 [main] org.apache.catalina.startup.HostConfig.deployDirectory 웹 애플리케이션 디렉토리 [D:\Rudy\JSP\수업자료\apache-tomcat-9.0.30\apache-tomcat-9.0.30\webapps\docs]을(를) 배치합니다.
17-Feb-2020 13:15:01.022 정보 [main] org.apache.catalina.startup.HostConfig.deployDirectory 웹 애플리케이션 디렉토리 [D:\Rudy\JSP\수업자료\apache-tomcat-9.0.30\apache-tomcat-9.0.30\webapps\docs]에 대한 배치가 [200] 밀리초에 완료되었습니다.
17-Feb-2020 13:15:01.032 정보 [main] org.apache.catalina.startup.HostConfig.deployDirectory 웹 애플리케이션 디렉토리 [D:\Rudy\JSP\수업자료\apache-tomcat-9.0.30\apache-tomcat-9.0.30\webapps\examples]을(를) 배치합니다.
17-Feb-2020 13:15:01.456 정보 [main] org.apache.catalina.startup.HostConfig.deployDirectory 웹 애플리케이션 디렉토리 [D:\Rudy\JSP\수업자료\apache-tomcat-9.0.30\apache-tomcat-9.0.30\webapps\examples]에 대한 배치가 [424] 밀리초에 완료되었습니다.
17-Feb-2020 13:15:01.467 정보 [main] org.apache.catalina.startup.HostConfig.deployDirectory 웹 애플리케이션 디렉토리 [D:\Rudy\JSP\수업자료\apache-tomcat-9.0.30\apache-tomcat-9.0.30\webapps\host-manager]을(를) 배치합니다.
17-Feb-2020 13:15:01.501 정보 [main] org.apache.catalina.startup.HostConfig.deployDirectory 웹 애플리케이션 디렉토리 [D:\Rudy\JSP\수업자료\apache-tomcat-9.0.30\apache-tomcat-9.0.30\webapps\host-manager]에 대한 배치가 [34] 밀리초에 완료되었습니다.
17-Feb-2020 13:15:01.505 정보 [main] org.apache.catalina.startup.HostConfig.deployDirectory 웹 애플리케이션 디렉토리 [D:\Rudy\JSP\수업자료\apache-tomcat-9.0.30\apache-tomcat-9.0.30\webapps\manager]을(를) 배치합니다.
17-Feb-2020 13:15:01.538 정보 [main] org.apache.catalina.startup.HostConfig.deployDirectory 웹 애플리케이션 디렉토리 [D:\Rudy\JSP\수업자료\apache-tomcat-9.0.30\apache-tomcat-9.0.30\webapps\manager]에 대한 배치가 [33] 밀리초에 완료되었습니다.
17-Feb-2020 13:15:01.542 정보 [main] org.apache.catalina.startup.HostConfig.deployDirectory 웹 애플리케이션 디렉토리 [D:\Rudy\JSP\수업자료\apache-tomcat-9.0.30\apache-tomcat-9.0.30\webapps\ROOT]을(를) 배치합니다.
17-Feb-2020 13:15:01.567 정보 [main] org.apache.catalina.startup.HostConfig.deployDirectory 웹 애플리케이션 디렉토리 [D:\Rudy\JSP\수업자료\apache-tomcat-9.0.30\apache-tomcat-9.0.30\webapps\ROOT]에 대한 배치가 [25] 밀리초에 완료되었습니다.
17-Feb-2020 13:15:01.573 정보 [main] org.apache.coyote.AbstractProtocol.start 프로토콜 핸들러 ["http-nio-8080"]을(를) 시작합니다.
17-Feb-2020 13:15:01.585 정보 [main] org.apache.coyote.AbstractProtocol.start 프로토콜 핸들러 ["ajp-nio-8009"]을(를) 시작합니다.
17-Feb-2020 13:15:01.588 정보 [main] org.apache.catalina.startup.Catalina.start 서버가 [801] 밀리초 내에 시작되었습니다.
