09-Mar-2020 21:28:24.534 정보 [main] org.apache.catalina.startup.VersionLoggerListener.log 서버 버전 이름:        Apache Tomcat/9.0.30
09-Mar-2020 21:28:24.548 정보 [main] org.apache.catalina.startup.VersionLoggerListener.log Server 빌드 시각:          Dec 7 2019 16:42:04 UTC
09-Mar-2020 21:28:24.549 정보 [main] org.apache.catalina.startup.VersionLoggerListener.log Server 버전 번호:         9.0.30.0
09-Mar-2020 21:28:24.549 정보 [main] org.apache.catalina.startup.VersionLoggerListener.log 운영체제 이름:               Windows 10
09-Mar-2020 21:28:24.549 정보 [main] org.apache.catalina.startup.VersionLoggerListener.log 운영체제 버전:            10.0
09-Mar-2020 21:28:24.550 정보 [main] org.apache.catalina.startup.VersionLoggerListener.log 아키텍처:          amd64
09-Mar-2020 21:28:24.550 정보 [main] org.apache.catalina.startup.VersionLoggerListener.log 자바 홈:             C:\Program Files\Java\jdk1.8.0_231\jre
09-Mar-2020 21:28:24.550 정보 [main] org.apache.catalina.startup.VersionLoggerListener.log JVM 버전:           1.8.0_231-b11
09-Mar-2020 21:28:24.550 정보 [main] org.apache.catalina.startup.VersionLoggerListener.log JVM 벤더:            Oracle Corporation
09-Mar-2020 21:28:24.550 정보 [main] org.apache.catalina.startup.VersionLoggerListener.log CATALINA_BASE:         F:\컴퓨터 공부\2020 컴퓨터 공부\JSP\수업 자료\apache-tomcat-9.0.30\apache-tomcat-9.0.30
09-Mar-2020 21:28:24.551 정보 [main] org.apache.catalina.startup.VersionLoggerListener.log CATALINA_HOME:         F:\컴퓨터 공부\2020 컴퓨터 공부\JSP\수업 자료\apache-tomcat-9.0.30\apache-tomcat-9.0.30
09-Mar-2020 21:28:24.573 정보 [main] org.apache.catalina.startup.VersionLoggerListener.log 명령 행 아규먼트: -Djava.util.logging.config.file=F:\컴퓨터 공부\2020 컴퓨터 공부\JSP\수업 자료\apache-tomcat-9.0.30\apache-tomcat-9.0.30\conf\logging.properties
09-Mar-2020 21:28:24.581 정보 [main] org.apache.catalina.startup.VersionLoggerListener.log 명령 행 아규먼트: -Djava.util.logging.manager=org.apache.juli.ClassLoaderLogManager
09-Mar-2020 21:28:24.583 정보 [main] org.apache.catalina.startup.VersionLoggerListener.log 명령 행 아규먼트: -Djdk.tls.ephemeralDHKeySize=2048
09-Mar-2020 21:28:24.585 정보 [main] org.apache.catalina.startup.VersionLoggerListener.log 명령 행 아규먼트: -Djava.protocol.handler.pkgs=org.apache.catalina.webresources
09-Mar-2020 21:28:24.586 정보 [main] org.apache.catalina.startup.VersionLoggerListener.log 명령 행 아규먼트: -Dignore.endorsed.dirs=
09-Mar-2020 21:28:24.587 정보 [main] org.apache.catalina.startup.VersionLoggerListener.log 명령 행 아규먼트: -Dcatalina.base=F:\컴퓨터 공부\2020 컴퓨터 공부\JSP\수업 자료\apache-tomcat-9.0.30\apache-tomcat-9.0.30
09-Mar-2020 21:28:24.593 정보 [main] org.apache.catalina.startup.VersionLoggerListener.log 명령 행 아규먼트: -Dcatalina.home=F:\컴퓨터 공부\2020 컴퓨터 공부\JSP\수업 자료\apache-tomcat-9.0.30\apache-tomcat-9.0.30
09-Mar-2020 21:28:24.594 정보 [main] org.apache.catalina.startup.VersionLoggerListener.log 명령 행 아규먼트: -Djava.io.tmpdir=F:\컴퓨터 공부\2020 컴퓨터 공부\JSP\수업 자료\apache-tomcat-9.0.30\apache-tomcat-9.0.30\temp
09-Mar-2020 21:28:24.596 정보 [main] org.apache.catalina.core.AprLifecycleListener.lifecycleEvent 프로덕션 환경들에서 최적의 성능을 제공하는, APR 기반 Apache Tomcat Native 라이브러리가, 다음 java.library.path에서 발견되지 않습니다: [C:\Program Files\Java\jdk1.8.0_231\bin;C:\WINDOWS\Sun\Java\bin;C:\WINDOWS\system32;C:\WINDOWS;C:\oraclexe\app\oracle\product\11.2.0\server\bin;;C:\Program Files (x86)\Common Files\Oracle\Java\javapath;C:\Program Files (x86)\NAT Service;C:\Windows\system32;C:\Windows;C:\Windows\System32\Wbem;C:\Windows\System32\WindowsPowerShell\v1.0\;C:\Program Files (x86)\NVIDIA Corporation\PhysX\Common;C:\Program Files\NVIDIA Corporation\NVIDIA NvDLISR;C:\WINDOWS\system32;C:\WINDOWS;C:\WINDOWS\System32\Wbem;C:\WINDOWS\System32\WindowsPowerShell\v1.0\;C:\WINDOWS\System32\OpenSSH\;C:\Program Files\Java\jdk1.8.0_231\bin;C:\Users\my4my\AppData\Local\Microsoft\WindowsApps;C:\Program Files\Bandizip\;C:\Program Files\Java\jdk1.8.0_231\bin;;.]
09-Mar-2020 21:28:25.112 정보 [main] org.apache.coyote.AbstractProtocol.init 프로토콜 핸들러 ["http-nio-8080"]을(를) 초기화합니다.
09-Mar-2020 21:28:25.506 심각 [main] org.apache.catalina.util.LifecycleBase.handleSubClassException 구성요소 [Connector[HTTP/1.1-8080]]을(를) 초기화하지 못했습니다.
	org.apache.catalina.LifecycleException: 프로토콜 핸들러 초기화가 실패했습니다.
		at org.apache.catalina.connector.Connector.initInternal(Connector.java:983)
		at org.apache.catalina.util.LifecycleBase.init(LifecycleBase.java:136)
		at org.apache.catalina.core.StandardService.initInternal(StandardService.java:533)
		at org.apache.catalina.util.LifecycleBase.init(LifecycleBase.java:136)
		at org.apache.catalina.core.StandardServer.initInternal(StandardServer.java:1057)
		at org.apache.catalina.util.LifecycleBase.init(LifecycleBase.java:136)
		at org.apache.catalina.startup.Catalina.load(Catalina.java:584)
		at org.apache.catalina.startup.Catalina.load(Catalina.java:607)
		at sun.reflect.NativeMethodAccessorImpl.invoke0(Native Method)
		at sun.reflect.NativeMethodAccessorImpl.invoke(NativeMethodAccessorImpl.java:62)
		at sun.reflect.DelegatingMethodAccessorImpl.invoke(DelegatingMethodAccessorImpl.java:43)
		at java.lang.reflect.Method.invoke(Method.java:498)
		at org.apache.catalina.startup.Bootstrap.load(Bootstrap.java:303)
		at org.apache.catalina.startup.Bootstrap.main(Bootstrap.java:473)
	Caused by: java.net.BindException: Address already in use: bind
		at sun.nio.ch.Net.bind0(Native Method)
		at sun.nio.ch.Net.bind(Net.java:433)
		at sun.nio.ch.Net.bind(Net.java:425)
		at sun.nio.ch.ServerSocketChannelImpl.bind(ServerSocketChannelImpl.java:223)
		at sun.nio.ch.ServerSocketAdaptor.bind(ServerSocketAdaptor.java:74)
		at org.apache.tomcat.util.net.NioEndpoint.initServerSocket(NioEndpoint.java:229)
		at org.apache.tomcat.util.net.NioEndpoint.bind(NioEndpoint.java:212)
		at org.apache.tomcat.util.net.AbstractEndpoint.bindWithCleanup(AbstractEndpoint.java:1141)
		at org.apache.tomcat.util.net.AbstractEndpoint.init(AbstractEndpoint.java:1154)
		at org.apache.coyote.AbstractProtocol.init(AbstractProtocol.java:575)
		at org.apache.coyote.http11.AbstractHttp11Protocol.init(AbstractHttp11Protocol.java:74)
		at org.apache.catalina.connector.Connector.initInternal(Connector.java:980)
		... 13 more
09-Mar-2020 21:28:25.516 정보 [main] org.apache.coyote.AbstractProtocol.init 프로토콜 핸들러 ["ajp-nio-8009"]을(를) 초기화합니다.
09-Mar-2020 21:28:25.560 정보 [main] org.apache.catalina.startup.Catalina.load [1,569] 밀리초 내에 서버가 초기화되었습니다.
09-Mar-2020 21:28:25.603 정보 [main] org.apache.catalina.core.StandardService.startInternal 서비스 [Catalina]을(를) 시작합니다.
09-Mar-2020 21:28:25.607 정보 [main] org.apache.catalina.core.StandardEngine.startInternal 서버 엔진을 시작합니다: [Apache Tomcat/9.0.30]
09-Mar-2020 21:28:25.618 정보 [main] org.apache.catalina.startup.HostConfig.deployDirectory 웹 애플리케이션 디렉토리 [F:\컴퓨터 공부\2020 컴퓨터 공부\JSP\수업 자료\apache-tomcat-9.0.30\apache-tomcat-9.0.30\webapps\docs]을(를) 배치합니다.
09-Mar-2020 21:28:26.099 정보 [main] org.apache.catalina.startup.HostConfig.deployDirectory 웹 애플리케이션 디렉토리 [F:\컴퓨터 공부\2020 컴퓨터 공부\JSP\수업 자료\apache-tomcat-9.0.30\apache-tomcat-9.0.30\webapps\docs]에 대한 배치가 [481] 밀리초에 완료되었습니다.
09-Mar-2020 21:28:26.116 정보 [main] org.apache.catalina.startup.HostConfig.deployDirectory 웹 애플리케이션 디렉토리 [F:\컴퓨터 공부\2020 컴퓨터 공부\JSP\수업 자료\apache-tomcat-9.0.30\apache-tomcat-9.0.30\webapps\examples]을(를) 배치합니다.
09-Mar-2020 21:28:26.609 정보 [main] org.apache.catalina.startup.HostConfig.deployDirectory 웹 애플리케이션 디렉토리 [F:\컴퓨터 공부\2020 컴퓨터 공부\JSP\수업 자료\apache-tomcat-9.0.30\apache-tomcat-9.0.30\webapps\examples]에 대한 배치가 [494] 밀리초에 완료되었습니다.
09-Mar-2020 21:28:26.612 정보 [main] org.apache.catalina.startup.HostConfig.deployDirectory 웹 애플리케이션 디렉토리 [F:\컴퓨터 공부\2020 컴퓨터 공부\JSP\수업 자료\apache-tomcat-9.0.30\apache-tomcat-9.0.30\webapps\host-manager]을(를) 배치합니다.
09-Mar-2020 21:28:26.650 정보 [main] org.apache.catalina.startup.HostConfig.deployDirectory 웹 애플리케이션 디렉토리 [F:\컴퓨터 공부\2020 컴퓨터 공부\JSP\수업 자료\apache-tomcat-9.0.30\apache-tomcat-9.0.30\webapps\host-manager]에 대한 배치가 [38] 밀리초에 완료되었습니다.
09-Mar-2020 21:28:26.654 정보 [main] org.apache.catalina.startup.HostConfig.deployDirectory 웹 애플리케이션 디렉토리 [F:\컴퓨터 공부\2020 컴퓨터 공부\JSP\수업 자료\apache-tomcat-9.0.30\apache-tomcat-9.0.30\webapps\manager]을(를) 배치합니다.
09-Mar-2020 21:28:26.690 정보 [main] org.apache.catalina.startup.HostConfig.deployDirectory 웹 애플리케이션 디렉토리 [F:\컴퓨터 공부\2020 컴퓨터 공부\JSP\수업 자료\apache-tomcat-9.0.30\apache-tomcat-9.0.30\webapps\manager]에 대한 배치가 [35] 밀리초에 완료되었습니다.
09-Mar-2020 21:28:26.700 정보 [main] org.apache.catalina.startup.HostConfig.deployDirectory 웹 애플리케이션 디렉토리 [F:\컴퓨터 공부\2020 컴퓨터 공부\JSP\수업 자료\apache-tomcat-9.0.30\apache-tomcat-9.0.30\webapps\ROOT]을(를) 배치합니다.
09-Mar-2020 21:28:26.728 정보 [main] org.apache.catalina.startup.HostConfig.deployDirectory 웹 애플리케이션 디렉토리 [F:\컴퓨터 공부\2020 컴퓨터 공부\JSP\수업 자료\apache-tomcat-9.0.30\apache-tomcat-9.0.30\webapps\ROOT]에 대한 배치가 [28] 밀리초에 완료되었습니다.
09-Mar-2020 21:28:26.735 정보 [main] org.apache.coyote.AbstractProtocol.start 프로토콜 핸들러 ["ajp-nio-8009"]을(를) 시작합니다.
09-Mar-2020 21:28:26.751 정보 [main] org.apache.catalina.startup.Catalina.start 서버가 [1,183] 밀리초 내에 시작되었습니다.
09-Mar-2020 21:41:18.204 정보 [main] org.apache.catalina.startup.VersionLoggerListener.log 서버 버전 이름:        Apache Tomcat/9.0.30
09-Mar-2020 21:41:18.208 정보 [main] org.apache.catalina.startup.VersionLoggerListener.log Server 빌드 시각:          Dec 7 2019 16:42:04 UTC
09-Mar-2020 21:41:18.209 정보 [main] org.apache.catalina.startup.VersionLoggerListener.log Server 버전 번호:         9.0.30.0
09-Mar-2020 21:41:18.209 정보 [main] org.apache.catalina.startup.VersionLoggerListener.log 운영체제 이름:               Windows 10
09-Mar-2020 21:41:18.209 정보 [main] org.apache.catalina.startup.VersionLoggerListener.log 운영체제 버전:            10.0
09-Mar-2020 21:41:18.210 정보 [main] org.apache.catalina.startup.VersionLoggerListener.log 아키텍처:          amd64
09-Mar-2020 21:41:18.210 정보 [main] org.apache.catalina.startup.VersionLoggerListener.log 자바 홈:             C:\Program Files\Java\jdk1.8.0_231\jre
09-Mar-2020 21:41:18.210 정보 [main] org.apache.catalina.startup.VersionLoggerListener.log JVM 버전:           1.8.0_231-b11
09-Mar-2020 21:41:18.210 정보 [main] org.apache.catalina.startup.VersionLoggerListener.log JVM 벤더:            Oracle Corporation
09-Mar-2020 21:41:18.211 정보 [main] org.apache.catalina.startup.VersionLoggerListener.log CATALINA_BASE:         F:\컴퓨터 공부\2020 컴퓨터 공부\JSP\수업 자료\apache-tomcat-9.0.30\apache-tomcat-9.0.30
09-Mar-2020 21:41:18.211 정보 [main] org.apache.catalina.startup.VersionLoggerListener.log CATALINA_HOME:         F:\컴퓨터 공부\2020 컴퓨터 공부\JSP\수업 자료\apache-tomcat-9.0.30\apache-tomcat-9.0.30
09-Mar-2020 21:41:18.212 정보 [main] org.apache.catalina.startup.VersionLoggerListener.log 명령 행 아규먼트: -Djava.util.logging.config.file=F:\컴퓨터 공부\2020 컴퓨터 공부\JSP\수업 자료\apache-tomcat-9.0.30\apache-tomcat-9.0.30\conf\logging.properties
09-Mar-2020 21:41:18.214 정보 [main] org.apache.catalina.startup.VersionLoggerListener.log 명령 행 아규먼트: -Djava.util.logging.manager=org.apache.juli.ClassLoaderLogManager
09-Mar-2020 21:41:18.214 정보 [main] org.apache.catalina.startup.VersionLoggerListener.log 명령 행 아규먼트: -Djdk.tls.ephemeralDHKeySize=2048
09-Mar-2020 21:41:18.217 정보 [main] org.apache.catalina.startup.VersionLoggerListener.log 명령 행 아규먼트: -Djava.protocol.handler.pkgs=org.apache.catalina.webresources
09-Mar-2020 21:41:18.219 정보 [main] org.apache.catalina.startup.VersionLoggerListener.log 명령 행 아규먼트: -Dignore.endorsed.dirs=
09-Mar-2020 21:41:18.219 정보 [main] org.apache.catalina.startup.VersionLoggerListener.log 명령 행 아규먼트: -Dcatalina.base=F:\컴퓨터 공부\2020 컴퓨터 공부\JSP\수업 자료\apache-tomcat-9.0.30\apache-tomcat-9.0.30
09-Mar-2020 21:41:18.220 정보 [main] org.apache.catalina.startup.VersionLoggerListener.log 명령 행 아규먼트: -Dcatalina.home=F:\컴퓨터 공부\2020 컴퓨터 공부\JSP\수업 자료\apache-tomcat-9.0.30\apache-tomcat-9.0.30
09-Mar-2020 21:41:18.221 정보 [main] org.apache.catalina.startup.VersionLoggerListener.log 명령 행 아규먼트: -Djava.io.tmpdir=F:\컴퓨터 공부\2020 컴퓨터 공부\JSP\수업 자료\apache-tomcat-9.0.30\apache-tomcat-9.0.30\temp
09-Mar-2020 21:41:18.221 정보 [main] org.apache.catalina.core.AprLifecycleListener.lifecycleEvent 프로덕션 환경들에서 최적의 성능을 제공하는, APR 기반 Apache Tomcat Native 라이브러리가, 다음 java.library.path에서 발견되지 않습니다: [C:\Program Files\Java\jdk1.8.0_231\bin;C:\WINDOWS\Sun\Java\bin;C:\WINDOWS\system32;C:\WINDOWS;C:\oraclexe\app\oracle\product\11.2.0\server\bin;;C:\Program Files (x86)\Common Files\Oracle\Java\javapath;C:\Program Files (x86)\NAT Service;C:\Windows\system32;C:\Windows;C:\Windows\System32\Wbem;C:\Windows\System32\WindowsPowerShell\v1.0\;C:\Program Files (x86)\NVIDIA Corporation\PhysX\Common;C:\Program Files\NVIDIA Corporation\NVIDIA NvDLISR;C:\WINDOWS\system32;C:\WINDOWS;C:\WINDOWS\System32\Wbem;C:\WINDOWS\System32\WindowsPowerShell\v1.0\;C:\WINDOWS\System32\OpenSSH\;C:\Program Files\Java\jdk1.8.0_231\bin;C:\Users\my4my\AppData\Local\Microsoft\WindowsApps;C:\Program Files\Bandizip\;C:\Program Files\Java\jdk1.8.0_231\bin;;.]
09-Mar-2020 21:41:18.521 정보 [main] org.apache.coyote.AbstractProtocol.init 프로토콜 핸들러 ["http-nio-8080"]을(를) 초기화합니다.
09-Mar-2020 21:41:18.877 심각 [main] org.apache.catalina.util.LifecycleBase.handleSubClassException 구성요소 [Connector[HTTP/1.1-8080]]을(를) 초기화하지 못했습니다.
	org.apache.catalina.LifecycleException: 프로토콜 핸들러 초기화가 실패했습니다.
		at org.apache.catalina.connector.Connector.initInternal(Connector.java:983)
		at org.apache.catalina.util.LifecycleBase.init(LifecycleBase.java:136)
		at org.apache.catalina.core.StandardService.initInternal(StandardService.java:533)
		at org.apache.catalina.util.LifecycleBase.init(LifecycleBase.java:136)
		at org.apache.catalina.core.StandardServer.initInternal(StandardServer.java:1057)
		at org.apache.catalina.util.LifecycleBase.init(LifecycleBase.java:136)
		at org.apache.catalina.startup.Catalina.load(Catalina.java:584)
		at org.apache.catalina.startup.Catalina.load(Catalina.java:607)
		at sun.reflect.NativeMethodAccessorImpl.invoke0(Native Method)
		at sun.reflect.NativeMethodAccessorImpl.invoke(NativeMethodAccessorImpl.java:62)
		at sun.reflect.DelegatingMethodAccessorImpl.invoke(DelegatingMethodAccessorImpl.java:43)
		at java.lang.reflect.Method.invoke(Method.java:498)
		at org.apache.catalina.startup.Bootstrap.load(Bootstrap.java:303)
		at org.apache.catalina.startup.Bootstrap.main(Bootstrap.java:473)
	Caused by: java.net.BindException: Address already in use: bind
		at sun.nio.ch.Net.bind0(Native Method)
		at sun.nio.ch.Net.bind(Net.java:433)
		at sun.nio.ch.Net.bind(Net.java:425)
		at sun.nio.ch.ServerSocketChannelImpl.bind(ServerSocketChannelImpl.java:223)
		at sun.nio.ch.ServerSocketAdaptor.bind(ServerSocketAdaptor.java:74)
		at org.apache.tomcat.util.net.NioEndpoint.initServerSocket(NioEndpoint.java:229)
		at org.apache.tomcat.util.net.NioEndpoint.bind(NioEndpoint.java:212)
		at org.apache.tomcat.util.net.AbstractEndpoint.bindWithCleanup(AbstractEndpoint.java:1141)
		at org.apache.tomcat.util.net.AbstractEndpoint.init(AbstractEndpoint.java:1154)
		at org.apache.coyote.AbstractProtocol.init(AbstractProtocol.java:575)
		at org.apache.coyote.http11.AbstractHttp11Protocol.init(AbstractHttp11Protocol.java:74)
		at org.apache.catalina.connector.Connector.initInternal(Connector.java:980)
		... 13 more
09-Mar-2020 21:41:18.884 정보 [main] org.apache.coyote.AbstractProtocol.init 프로토콜 핸들러 ["ajp-nio-8009"]을(를) 초기화합니다.
09-Mar-2020 21:41:18.899 정보 [main] org.apache.catalina.startup.Catalina.load [907] 밀리초 내에 서버가 초기화되었습니다.
09-Mar-2020 21:41:18.926 정보 [main] org.apache.catalina.core.StandardService.startInternal 서비스 [Catalina]을(를) 시작합니다.
09-Mar-2020 21:41:18.929 정보 [main] org.apache.catalina.core.StandardEngine.startInternal 서버 엔진을 시작합니다: [Apache Tomcat/9.0.30]
09-Mar-2020 21:41:18.939 정보 [main] org.apache.catalina.startup.HostConfig.deployDescriptor 배치 descriptor [F:\컴퓨터 공부\2020 컴퓨터 공부\JSP\수업 자료\apache-tomcat-9.0.30\apache-tomcat-9.0.30\conf\Catalina\localhost\JDBC.xml]을(를) 배치합니다.
09-Mar-2020 21:41:18.957 경고 [main] org.apache.catalina.startup.HostConfig.deployDescriptor 배치 descriptor [F:\컴퓨터 공부\2020 컴퓨터 공부\JSP\수업 자료\apache-tomcat-9.0.30\apache-tomcat-9.0.30\conf\Catalina\localhost\JDBC.xml] 내에서, [/JDBC] 값을 가진 path 속성은 무시됩니다.
09-Mar-2020 21:41:18.970 경고 [main] org.apache.catalina.startup.HostConfig.deployDescriptor 호스트 appBase 내의 docBase [F:\컴퓨터 공부\2020 컴퓨터 공부\JSP\수업 자료\apache-tomcat-9.0.30\apache-tomcat-9.0.30\webapps\JDBC]이(가) 지정되었으나, 이는 무시될 것입니다.
09-Mar-2020 21:41:18.996 심각 [main] org.apache.catalina.startup.HostConfig.deployDescriptor 배치 descriptor [F:\컴퓨터 공부\2020 컴퓨터 공부\JSP\수업 자료\apache-tomcat-9.0.30\apache-tomcat-9.0.30\conf\Catalina\localhost\JDBC.xml]을(를) 배치하는 중 오류 발생
	java.lang.IllegalStateException: 자식 컨테이너를 시작하는 중 오류 발생
		at org.apache.catalina.core.ContainerBase.addChildInternal(ContainerBase.java:720)
		at org.apache.catalina.core.ContainerBase.addChild(ContainerBase.java:690)
		at org.apache.catalina.core.StandardHost.addChild(StandardHost.java:705)
		at org.apache.catalina.startup.HostConfig.deployDescriptor(HostConfig.java:631)
		at org.apache.catalina.startup.HostConfig$DeployDescriptor.run(HostConfig.java:1831)
		at java.util.concurrent.Executors$RunnableAdapter.call(Executors.java:511)
		at java.util.concurrent.FutureTask.run(FutureTask.java:266)
		at org.apache.tomcat.util.threads.InlineExecutorService.execute(InlineExecutorService.java:75)
		at java.util.concurrent.AbstractExecutorService.submit(AbstractExecutorService.java:112)
		at org.apache.catalina.startup.HostConfig.deployDescriptors(HostConfig.java:526)
		at org.apache.catalina.startup.HostConfig.deployApps(HostConfig.java:425)
		at org.apache.catalina.startup.HostConfig.start(HostConfig.java:1576)
		at org.apache.catalina.startup.HostConfig.lifecycleEvent(HostConfig.java:309)
		at org.apache.catalina.util.LifecycleBase.fireLifecycleEvent(LifecycleBase.java:123)
		at org.apache.catalina.util.LifecycleBase.setStateInternal(LifecycleBase.java:423)
		at org.apache.catalina.util.LifecycleBase.setState(LifecycleBase.java:366)
		at org.apache.catalina.core.ContainerBase.startInternal(ContainerBase.java:936)
		at org.apache.catalina.core.StandardHost.startInternal(StandardHost.java:841)
		at org.apache.catalina.util.LifecycleBase.start(LifecycleBase.java:183)
		at org.apache.catalina.core.ContainerBase$StartChild.call(ContainerBase.java:1384)
		at org.apache.catalina.core.ContainerBase$StartChild.call(ContainerBase.java:1374)
		at java.util.concurrent.FutureTask.run(FutureTask.java:266)
		at org.apache.tomcat.util.threads.InlineExecutorService.execute(InlineExecutorService.java:75)
		at java.util.concurrent.AbstractExecutorService.submit(AbstractExecutorService.java:134)
		at org.apache.catalina.core.ContainerBase.startInternal(ContainerBase.java:909)
		at org.apache.catalina.core.StandardEngine.startInternal(StandardEngine.java:262)
		at org.apache.catalina.util.LifecycleBase.start(LifecycleBase.java:183)
		at org.apache.catalina.core.StandardService.startInternal(StandardService.java:421)
		at org.apache.catalina.util.LifecycleBase.start(LifecycleBase.java:183)
		at org.apache.catalina.core.StandardServer.startInternal(StandardServer.java:930)
		at org.apache.catalina.util.LifecycleBase.start(LifecycleBase.java:183)
		at org.apache.catalina.startup.Catalina.start(Catalina.java:633)
		at sun.reflect.NativeMethodAccessorImpl.invoke0(Native Method)
		at sun.reflect.NativeMethodAccessorImpl.invoke(NativeMethodAccessorImpl.java:62)
		at sun.reflect.DelegatingMethodAccessorImpl.invoke(DelegatingMethodAccessorImpl.java:43)
		at java.lang.reflect.Method.invoke(Method.java:498)
		at org.apache.catalina.startup.Bootstrap.start(Bootstrap.java:343)
		at org.apache.catalina.startup.Bootstrap.main(Bootstrap.java:474)
	Caused by: org.apache.catalina.LifecycleException: 구성요소 [org.apache.catalina.webresources.StandardRoot@74a10858]을(를) 시작하지 못했습니다.
		at org.apache.catalina.util.LifecycleBase.handleSubClassException(LifecycleBase.java:440)
		at org.apache.catalina.util.LifecycleBase.start(LifecycleBase.java:198)
		at org.apache.catalina.core.StandardContext.resourcesStart(StandardContext.java:4800)
		at org.apache.catalina.core.StandardContext.startInternal(StandardContext.java:4935)
		at org.apache.catalina.util.LifecycleBase.start(LifecycleBase.java:183)
		at org.apache.catalina.core.ContainerBase.addChildInternal(ContainerBase.java:717)
		... 37 more
	Caused by: java.lang.IllegalArgumentException: 지정된 주요 리소스셋 [F:\컴퓨터 공부\2020 컴퓨터 공부\JSP\수업 자료\apache-tomcat-9.0.30\apache-tomcat-9.0.30\webapps\JDBC]은(는) 유효하지 않습니다.
		at org.apache.catalina.webresources.StandardRoot.createMainResourceSet(StandardRoot.java:752)
		at org.apache.catalina.webresources.StandardRoot.startInternal(StandardRoot.java:709)
		at org.apache.catalina.util.LifecycleBase.start(LifecycleBase.java:183)
		... 41 more
09-Mar-2020 21:41:19.007 정보 [main] org.apache.catalina.startup.HostConfig.deployDescriptor 배치 descriptor [F:\컴퓨터 공부\2020 컴퓨터 공부\JSP\수업 자료\apache-tomcat-9.0.30\apache-tomcat-9.0.30\conf\Catalina\localhost\JDBC.xml]의 배치가 [67] 밀리초 내에 완료되었습니다.
09-Mar-2020 21:41:19.008 정보 [main] org.apache.catalina.startup.HostConfig.deployDescriptor 배치 descriptor [F:\컴퓨터 공부\2020 컴퓨터 공부\JSP\수업 자료\apache-tomcat-9.0.30\apache-tomcat-9.0.30\conf\Catalina\localhost\Quiz.xml]을(를) 배치합니다.
09-Mar-2020 21:41:19.012 경고 [main] org.apache.catalina.startup.HostConfig.deployDescriptor 배치 descriptor [F:\컴퓨터 공부\2020 컴퓨터 공부\JSP\수업 자료\apache-tomcat-9.0.30\apache-tomcat-9.0.30\conf\Catalina\localhost\Quiz.xml] 내에서, [/Quiz] 값을 가진 path 속성은 무시됩니다.
09-Mar-2020 21:41:19.015 경고 [main] org.apache.catalina.startup.HostConfig.deployDescriptor 호스트 appBase 내의 docBase [F:\컴퓨터 공부\2020 컴퓨터 공부\JSP\수업 자료\apache-tomcat-9.0.30\apache-tomcat-9.0.30\webapps\Quiz]이(가) 지정되었으나, 이는 무시될 것입니다.
09-Mar-2020 21:41:19.023 심각 [main] org.apache.catalina.startup.HostConfig.deployDescriptor 배치 descriptor [F:\컴퓨터 공부\2020 컴퓨터 공부\JSP\수업 자료\apache-tomcat-9.0.30\apache-tomcat-9.0.30\conf\Catalina\localhost\Quiz.xml]을(를) 배치하는 중 오류 발생
	java.lang.IllegalStateException: 자식 컨테이너를 시작하는 중 오류 발생
		at org.apache.catalina.core.ContainerBase.addChildInternal(ContainerBase.java:720)
		at org.apache.catalina.core.ContainerBase.addChild(ContainerBase.java:690)
		at org.apache.catalina.core.StandardHost.addChild(StandardHost.java:705)
		at org.apache.catalina.startup.HostConfig.deployDescriptor(HostConfig.java:631)
		at org.apache.catalina.startup.HostConfig$DeployDescriptor.run(HostConfig.java:1831)
		at java.util.concurrent.Executors$RunnableAdapter.call(Executors.java:511)
		at java.util.concurrent.FutureTask.run(FutureTask.java:266)
		at org.apache.tomcat.util.threads.InlineExecutorService.execute(InlineExecutorService.java:75)
		at java.util.concurrent.AbstractExecutorService.submit(AbstractExecutorService.java:112)
		at org.apache.catalina.startup.HostConfig.deployDescriptors(HostConfig.java:526)
		at org.apache.catalina.startup.HostConfig.deployApps(HostConfig.java:425)
		at org.apache.catalina.startup.HostConfig.start(HostConfig.java:1576)
		at org.apache.catalina.startup.HostConfig.lifecycleEvent(HostConfig.java:309)
		at org.apache.catalina.util.LifecycleBase.fireLifecycleEvent(LifecycleBase.java:123)
		at org.apache.catalina.util.LifecycleBase.setStateInternal(LifecycleBase.java:423)
		at org.apache.catalina.util.LifecycleBase.setState(LifecycleBase.java:366)
		at org.apache.catalina.core.ContainerBase.startInternal(ContainerBase.java:936)
		at org.apache.catalina.core.StandardHost.startInternal(StandardHost.java:841)
		at org.apache.catalina.util.LifecycleBase.start(LifecycleBase.java:183)
		at org.apache.catalina.core.ContainerBase$StartChild.call(ContainerBase.java:1384)
		at org.apache.catalina.core.ContainerBase$StartChild.call(ContainerBase.java:1374)
		at java.util.concurrent.FutureTask.run(FutureTask.java:266)
		at org.apache.tomcat.util.threads.InlineExecutorService.execute(InlineExecutorService.java:75)
		at java.util.concurrent.AbstractExecutorService.submit(AbstractExecutorService.java:134)
		at org.apache.catalina.core.ContainerBase.startInternal(ContainerBase.java:909)
		at org.apache.catalina.core.StandardEngine.startInternal(StandardEngine.java:262)
		at org.apache.catalina.util.LifecycleBase.start(LifecycleBase.java:183)
		at org.apache.catalina.core.StandardService.startInternal(StandardService.java:421)
		at org.apache.catalina.util.LifecycleBase.start(LifecycleBase.java:183)
		at org.apache.catalina.core.StandardServer.startInternal(StandardServer.java:930)
		at org.apache.catalina.util.LifecycleBase.start(LifecycleBase.java:183)
		at org.apache.catalina.startup.Catalina.start(Catalina.java:633)
		at sun.reflect.NativeMethodAccessorImpl.invoke0(Native Method)
		at sun.reflect.NativeMethodAccessorImpl.invoke(NativeMethodAccessorImpl.java:62)
		at sun.reflect.DelegatingMethodAccessorImpl.invoke(DelegatingMethodAccessorImpl.java:43)
		at java.lang.reflect.Method.invoke(Method.java:498)
		at org.apache.catalina.startup.Bootstrap.start(Bootstrap.java:343)
		at org.apache.catalina.startup.Bootstrap.main(Bootstrap.java:474)
	Caused by: org.apache.catalina.LifecycleException: 구성요소 [org.apache.catalina.webresources.StandardRoot@1d371b2d]을(를) 시작하지 못했습니다.
		at org.apache.catalina.util.LifecycleBase.handleSubClassException(LifecycleBase.java:440)
		at org.apache.catalina.util.LifecycleBase.start(LifecycleBase.java:198)
		at org.apache.catalina.core.StandardContext.resourcesStart(StandardContext.java:4800)
		at org.apache.catalina.core.StandardContext.startInternal(StandardContext.java:4935)
		at org.apache.catalina.util.LifecycleBase.start(LifecycleBase.java:183)
		at org.apache.catalina.core.ContainerBase.addChildInternal(ContainerBase.java:717)
		... 37 more
	Caused by: java.lang.IllegalArgumentException: 지정된 주요 리소스셋 [F:\컴퓨터 공부\2020 컴퓨터 공부\JSP\수업 자료\apache-tomcat-9.0.30\apache-tomcat-9.0.30\webapps\Quiz]은(는) 유효하지 않습니다.
		at org.apache.catalina.webresources.StandardRoot.createMainResourceSet(StandardRoot.java:752)
		at org.apache.catalina.webresources.StandardRoot.startInternal(StandardRoot.java:709)
		at org.apache.catalina.util.LifecycleBase.start(LifecycleBase.java:183)
		... 41 more
09-Mar-2020 21:41:19.031 정보 [main] org.apache.catalina.startup.HostConfig.deployDescriptor 배치 descriptor [F:\컴퓨터 공부\2020 컴퓨터 공부\JSP\수업 자료\apache-tomcat-9.0.30\apache-tomcat-9.0.30\conf\Catalina\localhost\Quiz.xml]의 배치가 [23] 밀리초 내에 완료되었습니다.
09-Mar-2020 21:41:19.033 정보 [main] org.apache.catalina.startup.HostConfig.deployDescriptor 배치 descriptor [F:\컴퓨터 공부\2020 컴퓨터 공부\JSP\수업 자료\apache-tomcat-9.0.30\apache-tomcat-9.0.30\conf\Catalina\localhost\ROOT.xml]을(를) 배치합니다.
09-Mar-2020 21:41:19.037 경고 [main] org.apache.catalina.core.StandardContext.setPath 컨텍스트 경로는 반드시 빈 문자열이거나, 또는 '/'로 시작하고 '/'로 끝나지 않는 문자열이어야 합니다. 해당 경로 [/]은(는) 이 조건을 충족시키지 않아 [](으)로 변경되었습니다.
09-Mar-2020 21:41:19.039 경고 [main] org.apache.catalina.startup.HostConfig.deployDescriptor 배치 descriptor [F:\컴퓨터 공부\2020 컴퓨터 공부\JSP\수업 자료\apache-tomcat-9.0.30\apache-tomcat-9.0.30\conf\Catalina\localhost\ROOT.xml] 내에서, [] 값을 가진 path 속성은 무시됩니다.
09-Mar-2020 21:41:19.044 경고 [main] org.apache.catalina.startup.HostConfig.deployDescriptor 호스트 appBase 내의 docBase [F:\컴퓨터 공부\2020 컴퓨터 공부\JSP\수업 자료\apache-tomcat-9.0.30\apache-tomcat-9.0.30\webapps\Webprj]이(가) 지정되었으나, 이는 무시될 것입니다.
09-Mar-2020 21:41:19.299 정보 [main] org.apache.catalina.startup.HostConfig.deployDescriptor 배치 descriptor [F:\컴퓨터 공부\2020 컴퓨터 공부\JSP\수업 자료\apache-tomcat-9.0.30\apache-tomcat-9.0.30\conf\Catalina\localhost\ROOT.xml]의 배치가 [266] 밀리초 내에 완료되었습니다.
09-Mar-2020 21:41:19.303 정보 [main] org.apache.catalina.startup.HostConfig.deployDirectory 웹 애플리케이션 디렉토리 [F:\컴퓨터 공부\2020 컴퓨터 공부\JSP\수업 자료\apache-tomcat-9.0.30\apache-tomcat-9.0.30\webapps\docs]을(를) 배치합니다.
09-Mar-2020 21:41:19.339 정보 [main] org.apache.catalina.startup.HostConfig.deployDirectory 웹 애플리케이션 디렉토리 [F:\컴퓨터 공부\2020 컴퓨터 공부\JSP\수업 자료\apache-tomcat-9.0.30\apache-tomcat-9.0.30\webapps\docs]에 대한 배치가 [36] 밀리초에 완료되었습니다.
09-Mar-2020 21:41:19.341 정보 [main] org.apache.catalina.startup.HostConfig.deployDirectory 웹 애플리케이션 디렉토리 [F:\컴퓨터 공부\2020 컴퓨터 공부\JSP\수업 자료\apache-tomcat-9.0.30\apache-tomcat-9.0.30\webapps\examples]을(를) 배치합니다.
09-Mar-2020 21:41:19.705 정보 [main] org.apache.catalina.startup.HostConfig.deployDirectory 웹 애플리케이션 디렉토리 [F:\컴퓨터 공부\2020 컴퓨터 공부\JSP\수업 자료\apache-tomcat-9.0.30\apache-tomcat-9.0.30\webapps\examples]에 대한 배치가 [364] 밀리초에 완료되었습니다.
09-Mar-2020 21:41:19.708 정보 [main] org.apache.catalina.startup.HostConfig.deployDirectory 웹 애플리케이션 디렉토리 [F:\컴퓨터 공부\2020 컴퓨터 공부\JSP\수업 자료\apache-tomcat-9.0.30\apache-tomcat-9.0.30\webapps\host-manager]을(를) 배치합니다.
09-Mar-2020 21:41:19.744 정보 [main] org.apache.catalina.startup.HostConfig.deployDirectory 웹 애플리케이션 디렉토리 [F:\컴퓨터 공부\2020 컴퓨터 공부\JSP\수업 자료\apache-tomcat-9.0.30\apache-tomcat-9.0.30\webapps\host-manager]에 대한 배치가 [36] 밀리초에 완료되었습니다.
09-Mar-2020 21:41:19.746 정보 [main] org.apache.catalina.startup.HostConfig.deployDirectory 웹 애플리케이션 디렉토리 [F:\컴퓨터 공부\2020 컴퓨터 공부\JSP\수업 자료\apache-tomcat-9.0.30\apache-tomcat-9.0.30\webapps\manager]을(를) 배치합니다.
09-Mar-2020 21:41:19.779 정보 [main] org.apache.catalina.startup.HostConfig.deployDirectory 웹 애플리케이션 디렉토리 [F:\컴퓨터 공부\2020 컴퓨터 공부\JSP\수업 자료\apache-tomcat-9.0.30\apache-tomcat-9.0.30\webapps\manager]에 대한 배치가 [33] 밀리초에 완료되었습니다.
09-Mar-2020 21:41:19.786 정보 [main] org.apache.coyote.AbstractProtocol.start 프로토콜 핸들러 ["ajp-nio-8009"]을(를) 시작합니다.
09-Mar-2020 21:41:19.797 정보 [main] org.apache.catalina.startup.Catalina.start 서버가 [896] 밀리초 내에 시작되었습니다.
09-Mar-2020 21:41:50.372 심각 [main] org.apache.catalina.startup.Catalina.stopServer [localhost:8005] (base 포트 [8005] 그리고 offset [0])와(과) 연결할 수 없었습니다. Tomcat이 실행 중이지 않을 수 있습니다.
09-Mar-2020 21:41:50.377 심각 [main] org.apache.catalina.startup.Catalina.stopServer Catalina를 중지시키는 중 오류 발생
	java.net.ConnectException: Connection refused: connect
		at java.net.DualStackPlainSocketImpl.connect0(Native Method)
		at java.net.DualStackPlainSocketImpl.socketConnect(DualStackPlainSocketImpl.java:79)
		at java.net.AbstractPlainSocketImpl.doConnect(AbstractPlainSocketImpl.java:350)
		at java.net.AbstractPlainSocketImpl.connectToAddress(AbstractPlainSocketImpl.java:206)
		at java.net.AbstractPlainSocketImpl.connect(AbstractPlainSocketImpl.java:188)
		at java.net.PlainSocketImpl.connect(PlainSocketImpl.java:172)
		at java.net.SocksSocketImpl.connect(SocksSocketImpl.java:392)
		at java.net.Socket.connect(Socket.java:606)
		at java.net.Socket.connect(Socket.java:555)
		at java.net.Socket.<init>(Socket.java:451)
		at java.net.Socket.<init>(Socket.java:228)
		at org.apache.catalina.startup.Catalina.stopServer(Catalina.java:513)
		at sun.reflect.NativeMethodAccessorImpl.invoke0(Native Method)
		at sun.reflect.NativeMethodAccessorImpl.invoke(NativeMethodAccessorImpl.java:62)
		at sun.reflect.DelegatingMethodAccessorImpl.invoke(DelegatingMethodAccessorImpl.java:43)
		at java.lang.reflect.Method.invoke(Method.java:498)
		at org.apache.catalina.startup.Bootstrap.stopServer(Bootstrap.java:389)
		at org.apache.catalina.startup.Bootstrap.main(Bootstrap.java:479)
09-Mar-2020 21:41:53.251 정보 [main] org.apache.catalina.startup.VersionLoggerListener.log 서버 버전 이름:        Apache Tomcat/9.0.30
09-Mar-2020 21:41:53.255 정보 [main] org.apache.catalina.startup.VersionLoggerListener.log Server 빌드 시각:          Dec 7 2019 16:42:04 UTC
09-Mar-2020 21:41:53.255 정보 [main] org.apache.catalina.startup.VersionLoggerListener.log Server 버전 번호:         9.0.30.0
09-Mar-2020 21:41:53.255 정보 [main] org.apache.catalina.startup.VersionLoggerListener.log 운영체제 이름:               Windows 10
09-Mar-2020 21:41:53.255 정보 [main] org.apache.catalina.startup.VersionLoggerListener.log 운영체제 버전:            10.0
09-Mar-2020 21:41:53.256 정보 [main] org.apache.catalina.startup.VersionLoggerListener.log 아키텍처:          amd64
09-Mar-2020 21:41:53.256 정보 [main] org.apache.catalina.startup.VersionLoggerListener.log 자바 홈:             C:\Program Files\Java\jdk1.8.0_231\jre
09-Mar-2020 21:41:53.256 정보 [main] org.apache.catalina.startup.VersionLoggerListener.log JVM 버전:           1.8.0_231-b11
09-Mar-2020 21:41:53.256 정보 [main] org.apache.catalina.startup.VersionLoggerListener.log JVM 벤더:            Oracle Corporation
09-Mar-2020 21:41:53.256 정보 [main] org.apache.catalina.startup.VersionLoggerListener.log CATALINA_BASE:         F:\컴퓨터 공부\2020 컴퓨터 공부\JSP\수업 자료\apache-tomcat-9.0.30\apache-tomcat-9.0.30
09-Mar-2020 21:41:53.256 정보 [main] org.apache.catalina.startup.VersionLoggerListener.log CATALINA_HOME:         F:\컴퓨터 공부\2020 컴퓨터 공부\JSP\수업 자료\apache-tomcat-9.0.30\apache-tomcat-9.0.30
09-Mar-2020 21:41:53.258 정보 [main] org.apache.catalina.startup.VersionLoggerListener.log 명령 행 아규먼트: -Djava.util.logging.config.file=F:\컴퓨터 공부\2020 컴퓨터 공부\JSP\수업 자료\apache-tomcat-9.0.30\apache-tomcat-9.0.30\conf\logging.properties
09-Mar-2020 21:41:53.259 정보 [main] org.apache.catalina.startup.VersionLoggerListener.log 명령 행 아규먼트: -Djava.util.logging.manager=org.apache.juli.ClassLoaderLogManager
09-Mar-2020 21:41:53.259 정보 [main] org.apache.catalina.startup.VersionLoggerListener.log 명령 행 아규먼트: -Djdk.tls.ephemeralDHKeySize=2048
09-Mar-2020 21:41:53.261 정보 [main] org.apache.catalina.startup.VersionLoggerListener.log 명령 행 아규먼트: -Djava.protocol.handler.pkgs=org.apache.catalina.webresources
09-Mar-2020 21:41:53.263 정보 [main] org.apache.catalina.startup.VersionLoggerListener.log 명령 행 아규먼트: -Dignore.endorsed.dirs=
09-Mar-2020 21:41:53.266 정보 [main] org.apache.catalina.startup.VersionLoggerListener.log 명령 행 아규먼트: -Dcatalina.base=F:\컴퓨터 공부\2020 컴퓨터 공부\JSP\수업 자료\apache-tomcat-9.0.30\apache-tomcat-9.0.30
09-Mar-2020 21:41:53.266 정보 [main] org.apache.catalina.startup.VersionLoggerListener.log 명령 행 아규먼트: -Dcatalina.home=F:\컴퓨터 공부\2020 컴퓨터 공부\JSP\수업 자료\apache-tomcat-9.0.30\apache-tomcat-9.0.30
09-Mar-2020 21:41:53.267 정보 [main] org.apache.catalina.startup.VersionLoggerListener.log 명령 행 아규먼트: -Djava.io.tmpdir=F:\컴퓨터 공부\2020 컴퓨터 공부\JSP\수업 자료\apache-tomcat-9.0.30\apache-tomcat-9.0.30\temp
09-Mar-2020 21:41:53.268 정보 [main] org.apache.catalina.core.AprLifecycleListener.lifecycleEvent 프로덕션 환경들에서 최적의 성능을 제공하는, APR 기반 Apache Tomcat Native 라이브러리가, 다음 java.library.path에서 발견되지 않습니다: [C:\Program Files\Java\jdk1.8.0_231\bin;C:\WINDOWS\Sun\Java\bin;C:\WINDOWS\system32;C:\WINDOWS;C:\oraclexe\app\oracle\product\11.2.0\server\bin;;C:\Program Files (x86)\Common Files\Oracle\Java\javapath;C:\Program Files (x86)\NAT Service;C:\Windows\system32;C:\Windows;C:\Windows\System32\Wbem;C:\Windows\System32\WindowsPowerShell\v1.0\;C:\Program Files (x86)\NVIDIA Corporation\PhysX\Common;C:\Program Files\NVIDIA Corporation\NVIDIA NvDLISR;C:\WINDOWS\system32;C:\WINDOWS;C:\WINDOWS\System32\Wbem;C:\WINDOWS\System32\WindowsPowerShell\v1.0\;C:\WINDOWS\System32\OpenSSH\;C:\Program Files\Java\jdk1.8.0_231\bin;C:\Users\my4my\AppData\Local\Microsoft\WindowsApps;C:\Program Files\Bandizip\;C:\Program Files\Java\jdk1.8.0_231\bin;;.]
09-Mar-2020 21:41:53.550 정보 [main] org.apache.coyote.AbstractProtocol.init 프로토콜 핸들러 ["http-nio-8080"]을(를) 초기화합니다.
09-Mar-2020 21:41:53.903 심각 [main] org.apache.catalina.util.LifecycleBase.handleSubClassException 구성요소 [Connector[HTTP/1.1-8080]]을(를) 초기화하지 못했습니다.
	org.apache.catalina.LifecycleException: 프로토콜 핸들러 초기화가 실패했습니다.
		at org.apache.catalina.connector.Connector.initInternal(Connector.java:983)
		at org.apache.catalina.util.LifecycleBase.init(LifecycleBase.java:136)
		at org.apache.catalina.core.StandardService.initInternal(StandardService.java:533)
		at org.apache.catalina.util.LifecycleBase.init(LifecycleBase.java:136)
		at org.apache.catalina.core.StandardServer.initInternal(StandardServer.java:1057)
		at org.apache.catalina.util.LifecycleBase.init(LifecycleBase.java:136)
		at org.apache.catalina.startup.Catalina.load(Catalina.java:584)
		at org.apache.catalina.startup.Catalina.load(Catalina.java:607)
		at sun.reflect.NativeMethodAccessorImpl.invoke0(Native Method)
		at sun.reflect.NativeMethodAccessorImpl.invoke(NativeMethodAccessorImpl.java:62)
		at sun.reflect.DelegatingMethodAccessorImpl.invoke(DelegatingMethodAccessorImpl.java:43)
		at java.lang.reflect.Method.invoke(Method.java:498)
		at org.apache.catalina.startup.Bootstrap.load(Bootstrap.java:303)
		at org.apache.catalina.startup.Bootstrap.main(Bootstrap.java:473)
	Caused by: java.net.BindException: Address already in use: bind
		at sun.nio.ch.Net.bind0(Native Method)
		at sun.nio.ch.Net.bind(Net.java:433)
		at sun.nio.ch.Net.bind(Net.java:425)
		at sun.nio.ch.ServerSocketChannelImpl.bind(ServerSocketChannelImpl.java:223)
		at sun.nio.ch.ServerSocketAdaptor.bind(ServerSocketAdaptor.java:74)
		at org.apache.tomcat.util.net.NioEndpoint.initServerSocket(NioEndpoint.java:229)
		at org.apache.tomcat.util.net.NioEndpoint.bind(NioEndpoint.java:212)
		at org.apache.tomcat.util.net.AbstractEndpoint.bindWithCleanup(AbstractEndpoint.java:1141)
		at org.apache.tomcat.util.net.AbstractEndpoint.init(AbstractEndpoint.java:1154)
		at org.apache.coyote.AbstractProtocol.init(AbstractProtocol.java:575)
		at org.apache.coyote.http11.AbstractHttp11Protocol.init(AbstractHttp11Protocol.java:74)
		at org.apache.catalina.connector.Connector.initInternal(Connector.java:980)
		... 13 more
09-Mar-2020 21:41:53.913 정보 [main] org.apache.coyote.AbstractProtocol.init 프로토콜 핸들러 ["ajp-nio-8009"]을(를) 초기화합니다.
09-Mar-2020 21:41:53.935 정보 [main] org.apache.catalina.startup.Catalina.load [875] 밀리초 내에 서버가 초기화되었습니다.
09-Mar-2020 21:41:53.967 정보 [main] org.apache.catalina.core.StandardService.startInternal 서비스 [Catalina]을(를) 시작합니다.
09-Mar-2020 21:41:53.970 정보 [main] org.apache.catalina.core.StandardEngine.startInternal 서버 엔진을 시작합니다: [Apache Tomcat/9.0.30]
09-Mar-2020 21:41:53.981 정보 [main] org.apache.catalina.startup.HostConfig.deployDescriptor 배치 descriptor [F:\컴퓨터 공부\2020 컴퓨터 공부\JSP\수업 자료\apache-tomcat-9.0.30\apache-tomcat-9.0.30\conf\Catalina\localhost\JDBC.xml]을(를) 배치합니다.
09-Mar-2020 21:41:53.999 경고 [main] org.apache.catalina.startup.HostConfig.deployDescriptor 배치 descriptor [F:\컴퓨터 공부\2020 컴퓨터 공부\JSP\수업 자료\apache-tomcat-9.0.30\apache-tomcat-9.0.30\conf\Catalina\localhost\JDBC.xml] 내에서, [/JDBC] 값을 가진 path 속성은 무시됩니다.
09-Mar-2020 21:41:54.009 경고 [main] org.apache.catalina.startup.HostConfig.deployDescriptor 호스트 appBase 내의 docBase [F:\컴퓨터 공부\2020 컴퓨터 공부\JSP\수업 자료\apache-tomcat-9.0.30\apache-tomcat-9.0.30\webapps\JDBC]이(가) 지정되었으나, 이는 무시될 것입니다.
09-Mar-2020 21:41:54.033 심각 [main] org.apache.catalina.startup.HostConfig.deployDescriptor 배치 descriptor [F:\컴퓨터 공부\2020 컴퓨터 공부\JSP\수업 자료\apache-tomcat-9.0.30\apache-tomcat-9.0.30\conf\Catalina\localhost\JDBC.xml]을(를) 배치하는 중 오류 발생
	java.lang.IllegalStateException: 자식 컨테이너를 시작하는 중 오류 발생
		at org.apache.catalina.core.ContainerBase.addChildInternal(ContainerBase.java:720)
		at org.apache.catalina.core.ContainerBase.addChild(ContainerBase.java:690)
		at org.apache.catalina.core.StandardHost.addChild(StandardHost.java:705)
		at org.apache.catalina.startup.HostConfig.deployDescriptor(HostConfig.java:631)
		at org.apache.catalina.startup.HostConfig$DeployDescriptor.run(HostConfig.java:1831)
		at java.util.concurrent.Executors$RunnableAdapter.call(Executors.java:511)
		at java.util.concurrent.FutureTask.run(FutureTask.java:266)
		at org.apache.tomcat.util.threads.InlineExecutorService.execute(InlineExecutorService.java:75)
		at java.util.concurrent.AbstractExecutorService.submit(AbstractExecutorService.java:112)
		at org.apache.catalina.startup.HostConfig.deployDescriptors(HostConfig.java:526)
		at org.apache.catalina.startup.HostConfig.deployApps(HostConfig.java:425)
		at org.apache.catalina.startup.HostConfig.start(HostConfig.java:1576)
		at org.apache.catalina.startup.HostConfig.lifecycleEvent(HostConfig.java:309)
		at org.apache.catalina.util.LifecycleBase.fireLifecycleEvent(LifecycleBase.java:123)
		at org.apache.catalina.util.LifecycleBase.setStateInternal(LifecycleBase.java:423)
		at org.apache.catalina.util.LifecycleBase.setState(LifecycleBase.java:366)
		at org.apache.catalina.core.ContainerBase.startInternal(ContainerBase.java:936)
		at org.apache.catalina.core.StandardHost.startInternal(StandardHost.java:841)
		at org.apache.catalina.util.LifecycleBase.start(LifecycleBase.java:183)
		at org.apache.catalina.core.ContainerBase$StartChild.call(ContainerBase.java:1384)
		at org.apache.catalina.core.ContainerBase$StartChild.call(ContainerBase.java:1374)
		at java.util.concurrent.FutureTask.run(FutureTask.java:266)
		at org.apache.tomcat.util.threads.InlineExecutorService.execute(InlineExecutorService.java:75)
		at java.util.concurrent.AbstractExecutorService.submit(AbstractExecutorService.java:134)
		at org.apache.catalina.core.ContainerBase.startInternal(ContainerBase.java:909)
		at org.apache.catalina.core.StandardEngine.startInternal(StandardEngine.java:262)
		at org.apache.catalina.util.LifecycleBase.start(LifecycleBase.java:183)
		at org.apache.catalina.core.StandardService.startInternal(StandardService.java:421)
		at org.apache.catalina.util.LifecycleBase.start(LifecycleBase.java:183)
		at org.apache.catalina.core.StandardServer.startInternal(StandardServer.java:930)
		at org.apache.catalina.util.LifecycleBase.start(LifecycleBase.java:183)
		at org.apache.catalina.startup.Catalina.start(Catalina.java:633)
		at sun.reflect.NativeMethodAccessorImpl.invoke0(Native Method)
		at sun.reflect.NativeMethodAccessorImpl.invoke(NativeMethodAccessorImpl.java:62)
		at sun.reflect.DelegatingMethodAccessorImpl.invoke(DelegatingMethodAccessorImpl.java:43)
		at java.lang.reflect.Method.invoke(Method.java:498)
		at org.apache.catalina.startup.Bootstrap.start(Bootstrap.java:343)
		at org.apache.catalina.startup.Bootstrap.main(Bootstrap.java:474)
	Caused by: org.apache.catalina.LifecycleException: 구성요소 [org.apache.catalina.webresources.StandardRoot@cb0ed20]을(를) 시작하지 못했습니다.
		at org.apache.catalina.util.LifecycleBase.handleSubClassException(LifecycleBase.java:440)
		at org.apache.catalina.util.LifecycleBase.start(LifecycleBase.java:198)
		at org.apache.catalina.core.StandardContext.resourcesStart(StandardContext.java:4800)
		at org.apache.catalina.core.StandardContext.startInternal(StandardContext.java:4935)
		at org.apache.catalina.util.LifecycleBase.start(LifecycleBase.java:183)
		at org.apache.catalina.core.ContainerBase.addChildInternal(ContainerBase.java:717)
		... 37 more
	Caused by: java.lang.IllegalArgumentException: 지정된 주요 리소스셋 [F:\컴퓨터 공부\2020 컴퓨터 공부\JSP\수업 자료\apache-tomcat-9.0.30\apache-tomcat-9.0.30\webapps\JDBC]은(는) 유효하지 않습니다.
		at org.apache.catalina.webresources.StandardRoot.createMainResourceSet(StandardRoot.java:752)
		at org.apache.catalina.webresources.StandardRoot.startInternal(StandardRoot.java:709)
		at org.apache.catalina.util.LifecycleBase.start(LifecycleBase.java:183)
		... 41 more
09-Mar-2020 21:41:54.039 정보 [main] org.apache.catalina.startup.HostConfig.deployDescriptor 배치 descriptor [F:\컴퓨터 공부\2020 컴퓨터 공부\JSP\수업 자료\apache-tomcat-9.0.30\apache-tomcat-9.0.30\conf\Catalina\localhost\JDBC.xml]의 배치가 [58] 밀리초 내에 완료되었습니다.
09-Mar-2020 21:41:54.040 정보 [main] org.apache.catalina.startup.HostConfig.deployDescriptor 배치 descriptor [F:\컴퓨터 공부\2020 컴퓨터 공부\JSP\수업 자료\apache-tomcat-9.0.30\apache-tomcat-9.0.30\conf\Catalina\localhost\Quiz.xml]을(를) 배치합니다.
09-Mar-2020 21:41:54.044 경고 [main] org.apache.catalina.startup.HostConfig.deployDescriptor 배치 descriptor [F:\컴퓨터 공부\2020 컴퓨터 공부\JSP\수업 자료\apache-tomcat-9.0.30\apache-tomcat-9.0.30\conf\Catalina\localhost\Quiz.xml] 내에서, [/Quiz] 값을 가진 path 속성은 무시됩니다.
09-Mar-2020 21:41:54.049 경고 [main] org.apache.catalina.startup.HostConfig.deployDescriptor 호스트 appBase 내의 docBase [F:\컴퓨터 공부\2020 컴퓨터 공부\JSP\수업 자료\apache-tomcat-9.0.30\apache-tomcat-9.0.30\webapps\Quiz]이(가) 지정되었으나, 이는 무시될 것입니다.
09-Mar-2020 21:41:54.056 심각 [main] org.apache.catalina.startup.HostConfig.deployDescriptor 배치 descriptor [F:\컴퓨터 공부\2020 컴퓨터 공부\JSP\수업 자료\apache-tomcat-9.0.30\apache-tomcat-9.0.30\conf\Catalina\localhost\Quiz.xml]을(를) 배치하는 중 오류 발생
	java.lang.IllegalStateException: 자식 컨테이너를 시작하는 중 오류 발생
		at org.apache.catalina.core.ContainerBase.addChildInternal(ContainerBase.java:720)
		at org.apache.catalina.core.ContainerBase.addChild(ContainerBase.java:690)
		at org.apache.catalina.core.StandardHost.addChild(StandardHost.java:705)
		at org.apache.catalina.startup.HostConfig.deployDescriptor(HostConfig.java:631)
		at org.apache.catalina.startup.HostConfig$DeployDescriptor.run(HostConfig.java:1831)
		at java.util.concurrent.Executors$RunnableAdapter.call(Executors.java:511)
		at java.util.concurrent.FutureTask.run(FutureTask.java:266)
		at org.apache.tomcat.util.threads.InlineExecutorService.execute(InlineExecutorService.java:75)
		at java.util.concurrent.AbstractExecutorService.submit(AbstractExecutorService.java:112)
		at org.apache.catalina.startup.HostConfig.deployDescriptors(HostConfig.java:526)
		at org.apache.catalina.startup.HostConfig.deployApps(HostConfig.java:425)
		at org.apache.catalina.startup.HostConfig.start(HostConfig.java:1576)
		at org.apache.catalina.startup.HostConfig.lifecycleEvent(HostConfig.java:309)
		at org.apache.catalina.util.LifecycleBase.fireLifecycleEvent(LifecycleBase.java:123)
		at org.apache.catalina.util.LifecycleBase.setStateInternal(LifecycleBase.java:423)
		at org.apache.catalina.util.LifecycleBase.setState(LifecycleBase.java:366)
		at org.apache.catalina.core.ContainerBase.startInternal(ContainerBase.java:936)
		at org.apache.catalina.core.StandardHost.startInternal(StandardHost.java:841)
		at org.apache.catalina.util.LifecycleBase.start(LifecycleBase.java:183)
		at org.apache.catalina.core.ContainerBase$StartChild.call(ContainerBase.java:1384)
		at org.apache.catalina.core.ContainerBase$StartChild.call(ContainerBase.java:1374)
		at java.util.concurrent.FutureTask.run(FutureTask.java:266)
		at org.apache.tomcat.util.threads.InlineExecutorService.execute(InlineExecutorService.java:75)
		at java.util.concurrent.AbstractExecutorService.submit(AbstractExecutorService.java:134)
		at org.apache.catalina.core.ContainerBase.startInternal(ContainerBase.java:909)
		at org.apache.catalina.core.StandardEngine.startInternal(StandardEngine.java:262)
		at org.apache.catalina.util.LifecycleBase.start(LifecycleBase.java:183)
		at org.apache.catalina.core.StandardService.startInternal(StandardService.java:421)
		at org.apache.catalina.util.LifecycleBase.start(LifecycleBase.java:183)
		at org.apache.catalina.core.StandardServer.startInternal(StandardServer.java:930)
		at org.apache.catalina.util.LifecycleBase.start(LifecycleBase.java:183)
		at org.apache.catalina.startup.Catalina.start(Catalina.java:633)
		at sun.reflect.NativeMethodAccessorImpl.invoke0(Native Method)
		at sun.reflect.NativeMethodAccessorImpl.invoke(NativeMethodAccessorImpl.java:62)
		at sun.reflect.DelegatingMethodAccessorImpl.invoke(DelegatingMethodAccessorImpl.java:43)
		at java.lang.reflect.Method.invoke(Method.java:498)
		at org.apache.catalina.startup.Bootstrap.start(Bootstrap.java:343)
		at org.apache.catalina.startup.Bootstrap.main(Bootstrap.java:474)
	Caused by: org.apache.catalina.LifecycleException: 구성요소 [org.apache.catalina.webresources.StandardRoot@32eebfca]을(를) 시작하지 못했습니다.
		at org.apache.catalina.util.LifecycleBase.handleSubClassException(LifecycleBase.java:440)
		at org.apache.catalina.util.LifecycleBase.start(LifecycleBase.java:198)
		at org.apache.catalina.core.StandardContext.resourcesStart(StandardContext.java:4800)
		at org.apache.catalina.core.StandardContext.startInternal(StandardContext.java:4935)
		at org.apache.catalina.util.LifecycleBase.start(LifecycleBase.java:183)
		at org.apache.catalina.core.ContainerBase.addChildInternal(ContainerBase.java:717)
		... 37 more
	Caused by: java.lang.IllegalArgumentException: 지정된 주요 리소스셋 [F:\컴퓨터 공부\2020 컴퓨터 공부\JSP\수업 자료\apache-tomcat-9.0.30\apache-tomcat-9.0.30\webapps\Quiz]은(는) 유효하지 않습니다.
		at org.apache.catalina.webresources.StandardRoot.createMainResourceSet(StandardRoot.java:752)
		at org.apache.catalina.webresources.StandardRoot.startInternal(StandardRoot.java:709)
		at org.apache.catalina.util.LifecycleBase.start(LifecycleBase.java:183)
		... 41 more
09-Mar-2020 21:41:54.061 정보 [main] org.apache.catalina.startup.HostConfig.deployDescriptor 배치 descriptor [F:\컴퓨터 공부\2020 컴퓨터 공부\JSP\수업 자료\apache-tomcat-9.0.30\apache-tomcat-9.0.30\conf\Catalina\localhost\Quiz.xml]의 배치가 [21] 밀리초 내에 완료되었습니다.
09-Mar-2020 21:41:54.062 정보 [main] org.apache.catalina.startup.HostConfig.deployDescriptor 배치 descriptor [F:\컴퓨터 공부\2020 컴퓨터 공부\JSP\수업 자료\apache-tomcat-9.0.30\apache-tomcat-9.0.30\conf\Catalina\localhost\ROOT.xml]을(를) 배치합니다.
09-Mar-2020 21:41:54.064 경고 [main] org.apache.catalina.core.StandardContext.setPath 컨텍스트 경로는 반드시 빈 문자열이거나, 또는 '/'로 시작하고 '/'로 끝나지 않는 문자열이어야 합니다. 해당 경로 [/]은(는) 이 조건을 충족시키지 않아 [](으)로 변경되었습니다.
09-Mar-2020 21:41:54.066 경고 [main] org.apache.catalina.startup.HostConfig.deployDescriptor 배치 descriptor [F:\컴퓨터 공부\2020 컴퓨터 공부\JSP\수업 자료\apache-tomcat-9.0.30\apache-tomcat-9.0.30\conf\Catalina\localhost\ROOT.xml] 내에서, [] 값을 가진 path 속성은 무시됩니다.
09-Mar-2020 21:41:54.068 경고 [main] org.apache.catalina.startup.HostConfig.deployDescriptor 호스트 appBase 내의 docBase [F:\컴퓨터 공부\2020 컴퓨터 공부\JSP\수업 자료\apache-tomcat-9.0.30\apache-tomcat-9.0.30\webapps\Webprj]이(가) 지정되었으나, 이는 무시될 것입니다.
09-Mar-2020 21:41:54.250 정보 [main] org.apache.catalina.startup.HostConfig.deployDescriptor 배치 descriptor [F:\컴퓨터 공부\2020 컴퓨터 공부\JSP\수업 자료\apache-tomcat-9.0.30\apache-tomcat-9.0.30\conf\Catalina\localhost\ROOT.xml]의 배치가 [187] 밀리초 내에 완료되었습니다.
09-Mar-2020 21:41:54.253 정보 [main] org.apache.catalina.startup.HostConfig.deployDirectory 웹 애플리케이션 디렉토리 [F:\컴퓨터 공부\2020 컴퓨터 공부\JSP\수업 자료\apache-tomcat-9.0.30\apache-tomcat-9.0.30\webapps\docs]을(를) 배치합니다.
09-Mar-2020 21:41:54.282 정보 [main] org.apache.catalina.startup.HostConfig.deployDirectory 웹 애플리케이션 디렉토리 [F:\컴퓨터 공부\2020 컴퓨터 공부\JSP\수업 자료\apache-tomcat-9.0.30\apache-tomcat-9.0.30\webapps\docs]에 대한 배치가 [30] 밀리초에 완료되었습니다.
09-Mar-2020 21:41:54.284 정보 [main] org.apache.catalina.startup.HostConfig.deployDirectory 웹 애플리케이션 디렉토리 [F:\컴퓨터 공부\2020 컴퓨터 공부\JSP\수업 자료\apache-tomcat-9.0.30\apache-tomcat-9.0.30\webapps\examples]을(를) 배치합니다.
09-Mar-2020 21:41:54.624 정보 [main] org.apache.catalina.startup.HostConfig.deployDirectory 웹 애플리케이션 디렉토리 [F:\컴퓨터 공부\2020 컴퓨터 공부\JSP\수업 자료\apache-tomcat-9.0.30\apache-tomcat-9.0.30\webapps\examples]에 대한 배치가 [340] 밀리초에 완료되었습니다.
09-Mar-2020 21:41:54.627 정보 [main] org.apache.catalina.startup.HostConfig.deployDirectory 웹 애플리케이션 디렉토리 [F:\컴퓨터 공부\2020 컴퓨터 공부\JSP\수업 자료\apache-tomcat-9.0.30\apache-tomcat-9.0.30\webapps\host-manager]을(를) 배치합니다.
09-Mar-2020 21:41:54.659 정보 [main] org.apache.catalina.startup.HostConfig.deployDirectory 웹 애플리케이션 디렉토리 [F:\컴퓨터 공부\2020 컴퓨터 공부\JSP\수업 자료\apache-tomcat-9.0.30\apache-tomcat-9.0.30\webapps\host-manager]에 대한 배치가 [32] 밀리초에 완료되었습니다.
09-Mar-2020 21:41:54.661 정보 [main] org.apache.catalina.startup.HostConfig.deployDirectory 웹 애플리케이션 디렉토리 [F:\컴퓨터 공부\2020 컴퓨터 공부\JSP\수업 자료\apache-tomcat-9.0.30\apache-tomcat-9.0.30\webapps\manager]을(를) 배치합니다.
09-Mar-2020 21:41:54.686 정보 [main] org.apache.catalina.startup.HostConfig.deployDirectory 웹 애플리케이션 디렉토리 [F:\컴퓨터 공부\2020 컴퓨터 공부\JSP\수업 자료\apache-tomcat-9.0.30\apache-tomcat-9.0.30\webapps\manager]에 대한 배치가 [25] 밀리초에 완료되었습니다.
09-Mar-2020 21:41:54.693 정보 [main] org.apache.coyote.AbstractProtocol.start 프로토콜 핸들러 ["ajp-nio-8009"]을(를) 시작합니다.
09-Mar-2020 21:41:54.703 정보 [main] org.apache.catalina.startup.Catalina.start 서버가 [763] 밀리초 내에 시작되었습니다.
